<?xml version="1.0" encoding="UTF-8"?>
<!-- Generated by org.testng.reporters.JUnitXMLReporter -->
<testsuite ignored="0" hostname="LAPTOP-GI19UFH7" failures="0" tests="2" name="Default test" time="34.272" errors="0" timestamp="2023-10-04T22:42:31 IST">
  <testcase classname="www.ictak.learnerTestclass.LTTrainer_EditDelete_TestClass" name="trainer1_learneredit" time="14.713"/>
  <testcase classname="www.ictak.learnerTestclass.LTTrainer_EditDelete_TestClass" name="trainer_learnerdelete" time="7.392"/>
</testsuite> <!-- Default test -->
