<?xml version="1.0" encoding="UTF-8"?>
<testng-results ignored="0" total="2" passed="2" failed="0" skipped="0">
  <reporter-output>
  </reporter-output>
  <suite started-at="2023-10-04T22:41:57 IST" name="Default suite" finished-at="2023-10-04T22:42:31 IST" duration-ms="34272">
    <groups>
    </groups>
    <test started-at="2023-10-04T22:41:57 IST" name="Default test" finished-at="2023-10-04T22:42:31 IST" duration-ms="34272">
      <class name="www.ictak.learnerTestclass.LTTrainer_EditDelete_TestClass">
        <test-method is-config="true" signature="initialization()[pri:0, instance:www.ictak.learnerTestclass.LTTrainer_EditDelete_TestClass@65fb9ffc]" started-at="2023-10-04T22:41:57 IST" name="initialization" finished-at="2023-10-04T22:42:03 IST" duration-ms="5665" status="PASS">
          <reporter-output>
          </reporter-output>
        </test-method> <!-- initialization -->
        <test-method signature="trainer1_learneredit()[pri:1, instance:www.ictak.learnerTestclass.LTTrainer_EditDelete_TestClass@65fb9ffc]" started-at="2023-10-04T22:42:03 IST" name="trainer1_learneredit" finished-at="2023-10-04T22:42:18 IST" duration-ms="14713" status="PASS">
          <reporter-output>
          </reporter-output>
        </test-method> <!-- trainer1_learneredit -->
        <test-method is-config="true" signature="close()[pri:0, instance:www.ictak.learnerTestclass.LTTrainer_EditDelete_TestClass@65fb9ffc]" started-at="2023-10-04T22:42:18 IST" name="close" finished-at="2023-10-04T22:42:18 IST" duration-ms="186" status="PASS">
          <reporter-output>
          </reporter-output>
        </test-method> <!-- close -->
        <test-method is-config="true" signature="initialization()[pri:0, instance:www.ictak.learnerTestclass.LTTrainer_EditDelete_TestClass@65fb9ffc]" started-at="2023-10-04T22:42:18 IST" name="initialization" finished-at="2023-10-04T22:42:24 IST" duration-ms="6082" status="PASS">
          <reporter-output>
          </reporter-output>
        </test-method> <!-- initialization -->
        <test-method signature="trainer_learnerdelete()[pri:2, instance:www.ictak.learnerTestclass.LTTrainer_EditDelete_TestClass@65fb9ffc]" started-at="2023-10-04T22:42:24 IST" name="trainer_learnerdelete" finished-at="2023-10-04T22:42:31 IST" duration-ms="7392" status="PASS">
          <reporter-output>
          </reporter-output>
        </test-method> <!-- trainer_learnerdelete -->
        <test-method is-config="true" signature="close()[pri:0, instance:www.ictak.learnerTestclass.LTTrainer_EditDelete_TestClass@65fb9ffc]" started-at="2023-10-04T22:42:31 IST" name="close" finished-at="2023-10-04T22:42:31 IST" duration-ms="175" status="PASS">
          <reporter-output>
          </reporter-output>
        </test-method> <!-- close -->
      </class> <!-- www.ictak.learnerTestclass.LTTrainer_EditDelete_TestClass -->
    </test> <!-- Default test -->
  </suite> <!-- Default suite -->
</testng-results>
